[INFO] Scanning for projects...
[INFO] 
[INFO] -------------------< com.mystreet:mystreet-backend >--------------------
[INFO] Building mystreet-backend 1.0.0
[INFO]   from pom.xml
[INFO] --------------------------------[ jar ]---------------------------------
[INFO] 
[INFO] >>> spring-boot:3.2.5:run (default-cli) > test-compile @ mystreet-backend >>>
[INFO] 
[INFO] --- resources:3.3.1:resources (default-resources) @ mystreet-backend ---
[INFO] Copying 3 resources from src\main\resources to target\classes
[INFO] Copying 1 resource from src\main\resources to target\classes
[INFO] 
[INFO] --- compiler:3.11.0:compile (default-compile) @ mystreet-backend ---
[INFO] Nothing to compile - all classes are up to date
[INFO] 
[INFO] --- resources:3.3.1:testResources (default-testResources) @ mystreet-backend ---
[INFO] skip non existing resourceDirectory C:\Users\tailor.shaikshavali\My_directory\Projects\mystreet-capstone\mystreet-backend\src\test\resources
[INFO] 
[INFO] --- compiler:3.11.0:testCompile (default-testCompile) @ mystreet-backend ---
[INFO] Nothing to compile - all classes are up to date
[INFO] 
[INFO] <<< spring-boot:3.2.5:run (default-cli) < test-compile @ mystreet-backend <<<
[INFO] 
[INFO] 
[INFO] --- spring-boot:3.2.5:run (default-cli) @ mystreet-backend ---
[INFO] Attaching agents: []

  .   ____          _            __ _ _
 /\\ / ___'_ __ _ _(_)_ __  __ _ \ \ \ \
( ( )\___ | '_ | '_| | '_ \/ _` | \ \ \ \
 \\/  ___)| |_)| | | | | || (_| |  ) ) ) )
  '  |____| .__|_| |_|_| |_\__, | / / / /
 =========|_|==============|___/=/_/_/_/
 :: Spring Boot ::                (v3.2.5)

2026-04-10T14:49:31.285+05:30  INFO 29612 --- [mystreet-backend] [           main] com.mystreet.MyStreetApplication         : Starting MyStreetApplication using Java 17.0.12 with PID 29612 (C:\Users\tailor.shaikshavali\My_directory\Projects\mystreet-capstone\mystreet-backend\target\classes started by Tailor.Shaikshavali in C:\Users\tailor.shaikshavali\My_directory\Projects\mystreet-capstone\mystreet-backend)
2026-04-10T14:49:31.300+05:30 DEBUG 29612 --- [mystreet-backend] [           main] com.mystreet.MyStreetApplication         : Running with Spring Boot v3.2.5, Spring v6.1.6
2026-04-10T14:49:31.301+05:30  INFO 29612 --- [mystreet-backend] [           main] com.mystreet.MyStreetApplication         : The following 1 profile is active: "dev"
2026-04-10T14:49:31.991+05:30  INFO 29612 --- [mystreet-backend] [           main] .s.d.r.c.RepositoryConfigurationDelegate : Bootstrapping Spring Data JPA repositories in DEFAULT mode.
2026-04-10T14:49:32.054+05:30  INFO 29612 --- [mystreet-backend] [           main] .s.d.r.c.RepositoryConfigurationDelegate : Finished Spring Data repository scanning in 57 ms. Found 4 JPA repository interfaces.
2026-04-10T14:49:32.711+05:30  INFO 29612 --- [mystreet-backend] [           main] o.s.b.w.embedded.tomcat.TomcatWebServer  : Tomcat initialized with port 8080 (http)
2026-04-10T14:49:32.723+05:30  INFO 29612 --- [mystreet-backend] [           main] o.apache.catalina.core.StandardService   : Starting service [Tomcat]
2026-04-10T14:49:32.723+05:30  INFO 29612 --- [mystreet-backend] [           main] o.apache.catalina.core.StandardEngine    : Starting Servlet engine: [Apache Tomcat/10.1.20]
2026-04-10T14:49:32.792+05:30  INFO 29612 --- [mystreet-backend] [           main] o.a.c.c.C.[Tomcat].[localhost].[/]       : Initializing Spring embedded WebApplicationContext
2026-04-10T14:49:32.792+05:30  INFO 29612 --- [mystreet-backend] [           main] w.s.c.ServletWebServerApplicationContext : Root WebApplicationContext: initialization completed in 1443 ms
2026-04-10T14:49:32.824+05:30  INFO 29612 --- [mystreet-backend] [           main] com.zaxxer.hikari.HikariDataSource       : HikariPool-1 - Starting...
2026-04-10T14:49:32.969+05:30  INFO 29612 --- [mystreet-backend] [           main] com.zaxxer.hikari.pool.HikariPool        : HikariPool-1 - Added connection conn0: url=jdbc:h2:mem:mystreetdb user=SA
2026-04-10T14:49:32.969+05:30  INFO 29612 --- [mystreet-backend] [           main] com.zaxxer.hikari.HikariDataSource       : HikariPool-1 - Start completed.
2026-04-10T14:49:32.986+05:30  INFO 29612 --- [mystreet-backend] [           main] o.s.b.a.h2.H2ConsoleAutoConfiguration    : H2 console available at '/h2-console'. Database available at 'jdbc:h2:mem:mystreetdb'
2026-04-10T14:49:33.023+05:30 DEBUG 29612 --- [mystreet-backend] [           main] c.m.security.JwtAuthenticationFilter     : Filter 'jwtAuthenticationFilter' configured for use
2026-04-10T14:49:33.091+05:30  INFO 29612 --- [mystreet-backend] [           main] o.hibernate.jpa.internal.util.LogHelper  : HHH000204: Processing PersistenceUnitInfo [name: default]
2026-04-10T14:49:33.135+05:30  INFO 29612 --- [mystreet-backend] [           main] org.hibernate.Version                    : HHH000412: Hibernate ORM core version 6.4.4.Final
2026-04-10T14:49:33.173+05:30  INFO 29612 --- [mystreet-backend] [           main] o.h.c.internal.RegionFactoryInitiator    : HHH000026: Second-level cache disabled
2026-04-10T14:49:33.372+05:30  INFO 29612 --- [mystreet-backend] [           main] o.s.o.j.p.SpringPersistenceUnitInfo      : No LoadTimeWeaver setup: ignoring JPA class transformer
2026-04-10T14:49:33.414+05:30  WARN 29612 --- [mystreet-backend] [           main] org.hibernate.orm.deprecation            : HHH90000025: H2Dialect does not need to be specified explicitly using 'hibernate.dialect' (remove the property setting and it will be selected by default)
2026-04-10T14:49:34.284+05:30  INFO 29612 --- [mystreet-backend] [           main] o.h.e.t.j.p.i.JtaPlatformInitiator       : HHH000489: No JTA platform available (set 'hibernate.transaction.jta.platform' to enable JTA platform integration)
Hibernate: 
    drop table if exists order_items cascade 
Hibernate: 
    drop table if exists orders cascade 
Hibernate: 
    drop table if exists products cascade 
Hibernate: 
    drop table if exists users cascade 
Hibernate: 
    create table order_items (
        price_at_order numeric(10,2) not null,
        quantity integer not null,
        id uuid not null,
        order_id uuid not null,
        product_id uuid not null,
        size varchar(255) not null,
        primary key (id)
    )
Hibernate: 
    create table orders (
        total_amount numeric(10,2) not null,
        created_at timestamp(6) not null,
        id uuid not null,
        user_id uuid not null,
        payment_mode varchar(255) not null check (payment_mode in ('COD','MOCK_UPI')),
        shipping_address varchar(255) not null,
        status varchar(255) not null check (status in ('PLACED','PROCESSING','SHIPPED','DELIVERED','CANCELLED')),
        primary key (id)
    )
Hibernate: 
    create table products (
        price numeric(10,2) not null,
        stock_qty integer not null,
        created_at timestamp(6) not null,
        updated_at timestamp(6),
        id uuid not null,
        brand varchar(255) not null,
        description TEXT,
        image_url varchar(255),
        name varchar(255) not null,
        sizes_csv varchar(255) not null,
        primary key (id)
    )
Hibernate: 
    create table users (
        is_admin boolean not null,
        created_at timestamp(6) not null,
        updated_at timestamp(6),
        id uuid not null,
        email varchar(255) not null unique,
        first_name varchar(255),
        last_name varchar(255),
        password_hash varchar(255) not null,
        primary key (id)
    )
Hibernate: 
    alter table if exists order_items 
       add constraint FKbioxgbv59vetrxe0ejfubep1w 
       foreign key (order_id) 
       references orders
Hibernate: 
    alter table if exists order_items 
       add constraint FKocimc7dtr037rh4ls4l95nlfi 
       foreign key (product_id) 
       references products
Hibernate: 
    alter table if exists orders 
       add constraint FK32ql8ubntj5uh44ph9659tiih 
       foreign key (user_id) 
       references users
2026-04-10T14:49:34.335+05:30  INFO 29612 --- [mystreet-backend] [           main] j.LocalContainerEntityManagerFactoryBean : Initialized JPA EntityManagerFactory for persistence unit 'default'
2026-04-10T14:49:34.633+05:30  INFO 29612 --- [mystreet-backend] [           main] o.s.d.j.r.query.QueryEnhancerFactory     : Hibernate is in classpath; If applicable, HQL parser will be used.
2026-04-10T14:49:34.967+05:30  WARN 29612 --- [mystreet-backend] [           main] JpaBaseConfiguration$JpaWebConfiguration : spring.jpa.open-in-view is enabled by default. Therefore, database queries may be performed during view rendering. Explicitly configure spring.jpa.open-in-view to disable this warning
2026-04-10T14:49:34.968+05:30  WARN 29612 --- [mystreet-backend] [           main] .s.s.UserDetailsServiceAutoConfiguration : 

Using generated security password: 2b71c767-e740-4f50-91e3-2836c761d1ae

This generated password is for development use only. Your security configuration must be updated before running your application in production.

2026-04-10T14:49:35.245+05:30  INFO 29612 --- [mystreet-backend] [           main] o.s.s.web.DefaultSecurityFilterChain     : Will secure any request with [org.springframework.security.web.session.DisableEncodeUrlFilter@2e3fa7a7, org.springframework.security.web.context.request.async.WebAsyncManagerIntegrationFilter@1a5478e8, org.springframework.security.web.context.SecurityContextHolderFilter@6eb506d0, org.springframework.security.web.header.HeaderWriterFilter@640c8cd, org.springframework.web.filter.CorsFilter@7953a656, org.springframework.security.web.authentication.logout.LogoutFilter@6e7d874c, com.mystreet.security.JwtAuthenticationFilter@6042d663, org.springframework.security.web.savedrequest.RequestCacheAwareFilter@3cc148d, org.springframework.security.web.servletapi.SecurityContextHolderAwareRequestFilter@172f88b1, org.springframework.security.web.authentication.AnonymousAuthenticationFilter@60f6c148, org.springframework.security.web.session.SessionManagementFilter@5608233b, org.springframework.security.web.access.ExceptionTranslationFilter@74fa4891, org.springframework.security.web.access.intercept.AuthorizationFilter@2fb36d8d]
2026-04-10T14:49:35.457+05:30  WARN 29612 --- [mystreet-backend] [           main] ConfigServletWebServerApplicationContext : Exception encountered during context initialization - cancelling refresh attempt: org.springframework.context.ApplicationContextException: Failed to start bean 'webServerStartStop'
2026-04-10T14:49:35.459+05:30  INFO 29612 --- [mystreet-backend] [           main] j.LocalContainerEntityManagerFactoryBean : Closing JPA EntityManagerFactory for persistence unit 'default'
Hibernate: 
    drop table if exists order_items cascade 
Hibernate: 
    drop table if exists orders cascade 
Hibernate: 
    drop table if exists products cascade 
Hibernate: 
    drop table if exists users cascade 
2026-04-10T14:49:35.465+05:30  INFO 29612 --- [mystreet-backend] [           main] com.zaxxer.hikari.HikariDataSource       : HikariPool-1 - Shutdown initiated...
2026-04-10T14:49:35.466+05:30  INFO 29612 --- [mystreet-backend] [           main] com.zaxxer.hikari.HikariDataSource       : HikariPool-1 - Shutdown completed.
2026-04-10T14:49:35.478+05:30  INFO 29612 --- [mystreet-backend] [           main] .s.b.a.l.ConditionEvaluationReportLogger : 

Error starting ApplicationContext. To display the condition evaluation report re-run your application with 'debug' enabled.
2026-04-10T14:49:35.501+05:30 ERROR 29612 --- [mystreet-backend] [           main] o.s.b.d.LoggingFailureAnalysisReporter   : 

***************************
APPLICATION FAILED TO START
***************************

Description:

Web server failed to start. Port 8080 was already in use.

Action:

Identify and stop the process that's listening on port 8080 or configure this application to listen on another port.

[INFO] ------------------------------------------------------------------------
[INFO] BUILD FAILURE
[INFO] ------------------------------------------------------------------------
[INFO] Total time:  7.630 s
[INFO] Finished at: 2026-04-10T14:49:35+05:30
[INFO] ------------------------------------------------------------------------
[ERROR] Failed to execute goal org.springframework.boot:spring-boot-maven-plugin:3.2.5:run (default-cli) on project mystreet-backend: Process terminated with exit code: 1 -> [Help 1]
[ERROR] 
[ERROR] To see the full stack trace of the errors, re-run Maven with the -e switch.
[ERROR] Re-run Maven using the -X switch to enable full debug logging.
[ERROR] 
[ERROR] For more information about the errors and possible solutions, please read the following articles:
[ERROR] [Help 1] http://cwiki.apache.org/confluence/display/MAVEN/MojoExecutionException
